<?xml version="1.0" encoding="UTF-8"?>
<!-- Generated by org.testng.reporters.JUnitReportReporter -->
<testsuite name="jadinec.test.api.cases.GetAppUpdateTest" tests="1" time="0.594" ignored="4" failures="0" timestamp="07 Sep 2020 09:47:30 GMT" skipped="0" hostname="DESKTOP-BTEHN8R" errors="0">
  <testcase name="getAppUpdateTest" time="0.594" classname="jadinec.test.api.cases.GetAppUpdateTest"/>
  <testcase name="getEngineeringPlaneTest" classname="jadinec.test.api.cases.GetEngineeringPlaneTest">
    <skipped/>
  </testcase> <!-- getEngineeringPlaneTest -->
  <testcase name="getTokenTest" classname="jadinec.test.api.cases.GetTokenTest">
    <skipped/>
  </testcase> <!-- getTokenTest -->
  <testcase name="getEngineeringItemPlaneTest" classname="jadinec.test.api.cases.GetEngineeringItemPlaneTest">
    <skipped/>
  </testcase> <!-- getEngineeringItemPlaneTest -->
  <testcase name="verificationCodeLoginTest" classname="jadinec.test.api.cases.VerificationCodeLoginTest">
    <skipped/>
  </testcase> <!-- verificationCodeLoginTest -->
</testsuite> <!-- jadinec.test.api.cases.GetAppUpdateTest -->
