<?xml version="1.0" encoding="UTF-8"?>
<!-- Generated by org.testng.reporters.JUnitReportReporter -->
<testsuite name="jadinec.test.api.cases.GetTokenTest" tests="1" time="0.000" ignored="0" failures="0" timestamp="07 Sep 2020 02:51:19 GMT" skipped="1" hostname="DESKTOP-BTEHN8R" errors="0">
  <testcase name="getTokenTest" time="0.000" classname="jadinec.test.api.cases.GetTokenTest">
    <skipped/>
  </testcase> <!-- getTokenTest -->
</testsuite> <!-- jadinec.test.api.cases.GetTokenTest -->
