<?xml version="1.0" encoding="UTF-8"?>
<!-- Generated by org.testng.reporters.JUnitReportReporter -->
<testsuite name="jadinec.test.api.cases.GetEngineeringItemPlaneTest" tests="1" time="229.186" ignored="5" failures="0" timestamp="07 Sep 2020 08:07:49 GMT" skipped="0" hostname="DESKTOP-BTEHN8R" errors="0">
  <testcase name="getEngineeringItemPlaneTest" time="229.186" classname="jadinec.test.api.cases.GetEngineeringItemPlaneTest"/>
  <testcase name="getUserTest" classname="jadinec.test.api.cases.GetUserTest">
    <skipped/>
  </testcase> <!-- getUserTest -->
  <testcase name="getEngineeringPlaneTest" classname="jadinec.test.api.cases.GetEngineeringPlaneTest">
    <skipped/>
  </testcase> <!-- getEngineeringPlaneTest -->
  <testcase name="getAppUpdateTest" classname="jadinec.test.api.cases.GetAppUpdateTest">
    <skipped/>
  </testcase> <!-- getAppUpdateTest -->
  <testcase name="getTokenTest" classname="jadinec.test.api.cases.GetTokenTest">
    <skipped/>
  </testcase> <!-- getTokenTest -->
  <testcase name="verificationCodeLoginTest" classname="jadinec.test.api.cases.VerificationCodeLoginTest">
    <skipped/>
  </testcase> <!-- verificationCodeLoginTest -->
</testsuite> <!-- jadinec.test.api.cases.GetEngineeringItemPlaneTest -->
